==4878== Memcheck, a memory error detector
==4878== Copyright (C) 2002-2022, and GNU GPL'd, by Julian Seward et al.
==4878== Using Valgrind-3.20.0 and LibVEX; rerun with -h for copyright info
==4878== Command: bin/VroumSFML
==4878== Parent PID: 2251
==4878== 
==4878== Warning: noted but unhandled ioctl 0x644f with no size/direction hints.
==4878==    This could cause spurious value errors to appear.
==4878==    See README_MISSING_SYSCALL_OR_IOCTL for guidance on writing a proper wrapper.
==4878== Warning: noted but unhandled ioctl 0x6444 with no size/direction hints.
==4878==    This could cause spurious value errors to appear.
==4878==    See README_MISSING_SYSCALL_OR_IOCTL for guidance on writing a proper wrapper.
==4878== Invalid read of size 4
==4878==    at 0x152101: Jeu::update(ActionClavier const&) (Jeu.cpp:102)
==4878==    by 0x1469EE: GestionSFML::boucleJeuSFML(sf::RenderWindow&, sf::Clock&, float) (GestionaireSFML.cpp:176)
==4878==    by 0x11008F: main (mainSFML.cpp:40)
==4878==  Address 0x95c139c is 4 bytes before a block of size 128 alloc'd
==4878==    at 0x4842003: operator new(unsigned long) (vg_replace_malloc.c:434)
==4878==    by 0x136CC7: std::__new_allocator<int>::allocate(unsigned long, void const*) (new_allocator.h:137)
==4878==    by 0x12E728: std::allocator_traits<std::allocator<int> >::allocate(std::allocator<int>&, unsigned long) (alloc_traits.h:464)
==4878==    by 0x12936D: std::_Vector_base<int, std::allocator<int> >::_M_allocate(unsigned long) (stl_vector.h:378)
==4878==    by 0x1449D4: void std::vector<int, std::allocator<int> >::_M_realloc_insert<int>(__gnu_cxx::__normal_iterator<int*, std::vector<int, std::allocator<int> > >, int&&) (vector.tcc:453)
==4878==    by 0x144533: int& std::vector<int, std::allocator<int> >::emplace_back<int>(int&&) (vector.tcc:123)
==4878==    by 0x143C47: std::vector<int, std::allocator<int> >::push_back(int&&) (stl_vector.h:1294)
==4878==    by 0x1431B9: Terrain::chargerJSON(std::__cxx11::basic_string<char, std::char_traits<char>, std::allocator<char> > const&) (Terrain.cpp:137)
==4878==    by 0x151B08: Jeu::ChargerTerrain(std::__cxx11::basic_string<char, std::char_traits<char>, std::allocator<char> >, int) (Jeu.cpp:24)
==4878==    by 0x14587E: GestionSFML::chargerNiveau(std::__cxx11::basic_string<char, std::char_traits<char>, std::allocator<char> >, int) (GestionaireSFML.cpp:13)
==4878==    by 0x110047: main (mainSFML.cpp:38)
==4878== 
{
   <insert_a_suppression_name_here>
   Memcheck:Addr4
   fun:_ZN3Jeu6updateERK13ActionClavier
   fun:_ZN11GestionSFML13boucleJeuSFMLERN2sf12RenderWindowERNS0_5ClockEf
   fun:main
}
==4878== 
==4878== HEAP SUMMARY:
==4878==     in use at exit: 300,453 bytes in 1,591 blocks
==4878==   total heap usage: 151,320 allocs, 149,729 frees, 1,040,048,665 bytes allocated
==4878== 
==4878== 8 bytes in 1 blocks are definitely lost in loss record 57 of 631
==4878==    at 0x4841798: malloc (vg_replace_malloc.c:392)
==4878==    by 0x5E9B47A: ???
==4878==    by 0x5E84E8C: ??? (in /usr/lib/libdrm.so.2.4.0)
==4878==    by 0x5E8843F: ???
==4878==    by 0x5E887C2: ???
==4878==    by 0x7823DEE: ??? (in /usr/lib/libnvidia-glcore.so.530.41.03)
==4878==    by 0x78240D0: ??? (in /usr/lib/libnvidia-glcore.so.530.41.03)
==4878==    by 0x782C2F1: ??? (in /usr/lib/libnvidia-glcore.so.530.41.03)
==4878==    by 0x7826177: ??? (in /usr/lib/libnvidia-glcore.so.530.41.03)
==4878==    by 0x78263A8: ??? (in /usr/lib/libnvidia-glcore.so.530.41.03)
==4878==    by 0x77A0EDE: ??? (in /usr/lib/libnvidia-glcore.so.530.41.03)
==4878==    by 0x77A121B: ??? (in /usr/lib/libnvidia-glcore.so.530.41.03)
==4878== 
{
   <insert_a_suppression_name_here>
   Memcheck:Leak
   match-leak-kinds: definite
   fun:malloc
   obj:*
   obj:/usr/lib/libdrm.so.2.4.0
   obj:*
   obj:*
   obj:/usr/lib/libnvidia-glcore.so.530.41.03
   obj:/usr/lib/libnvidia-glcore.so.530.41.03
   obj:/usr/lib/libnvidia-glcore.so.530.41.03
   obj:/usr/lib/libnvidia-glcore.so.530.41.03
   obj:/usr/lib/libnvidia-glcore.so.530.41.03
   obj:/usr/lib/libnvidia-glcore.so.530.41.03
   obj:/usr/lib/libnvidia-glcore.so.530.41.03
}
==4878== 29 bytes in 1 blocks are definitely lost in loss record 252 of 631
==4878==    at 0x4841888: malloc (vg_replace_malloc.c:393)
==4878==    by 0x5EA2764: ???
==4878==    by 0x5E88BB8: ???
==4878==    by 0x7823DEE: ??? (in /usr/lib/libnvidia-glcore.so.530.41.03)
==4878==    by 0x78240D0: ??? (in /usr/lib/libnvidia-glcore.so.530.41.03)
==4878==    by 0x782C2F1: ??? (in /usr/lib/libnvidia-glcore.so.530.41.03)
==4878==    by 0x7826177: ??? (in /usr/lib/libnvidia-glcore.so.530.41.03)
==4878==    by 0x78263A8: ??? (in /usr/lib/libnvidia-glcore.so.530.41.03)
==4878==    by 0x77A0EDE: ??? (in /usr/lib/libnvidia-glcore.so.530.41.03)
==4878==    by 0x77A121B: ??? (in /usr/lib/libnvidia-glcore.so.530.41.03)
==4878==    by 0x77A133B: ??? (in /usr/lib/libnvidia-glcore.so.530.41.03)
==4878==    by 0x5D4E0B5: ??? (in /usr/lib/libGLX_nvidia.so.530.41.03)
==4878== 
{
   <insert_a_suppression_name_here>
   Memcheck:Leak
   match-leak-kinds: definite
   fun:malloc
   obj:*
   obj:*
   obj:/usr/lib/libnvidia-glcore.so.530.41.03
   obj:/usr/lib/libnvidia-glcore.so.530.41.03
   obj:/usr/lib/libnvidia-glcore.so.530.41.03
   obj:/usr/lib/libnvidia-glcore.so.530.41.03
   obj:/usr/lib/libnvidia-glcore.so.530.41.03
   obj:/usr/lib/libnvidia-glcore.so.530.41.03
   obj:/usr/lib/libnvidia-glcore.so.530.41.03
   obj:/usr/lib/libnvidia-glcore.so.530.41.03
   obj:/usr/lib/libGLX_nvidia.so.530.41.03
}
==4878== 29 bytes in 1 blocks are definitely lost in loss record 253 of 631
==4878==    at 0x4841888: malloc (vg_replace_malloc.c:393)
==4878==    by 0x5EA2764: ???
==4878==    by 0x5E88B6B: ???
==4878==    by 0x7823DEE: ??? (in /usr/lib/libnvidia-glcore.so.530.41.03)
==4878==    by 0x78240D0: ??? (in /usr/lib/libnvidia-glcore.so.530.41.03)
==4878==    by 0x782C2F1: ??? (in /usr/lib/libnvidia-glcore.so.530.41.03)
==4878==    by 0x7826177: ??? (in /usr/lib/libnvidia-glcore.so.530.41.03)
==4878==    by 0x78263A8: ??? (in /usr/lib/libnvidia-glcore.so.530.41.03)
==4878==    by 0x77A0EDE: ??? (in /usr/lib/libnvidia-glcore.so.530.41.03)
==4878==    by 0x77A121B: ??? (in /usr/lib/libnvidia-glcore.so.530.41.03)
==4878==    by 0x77A133B: ??? (in /usr/lib/libnvidia-glcore.so.530.41.03)
==4878==    by 0x5D4E0B5: ??? (in /usr/lib/libGLX_nvidia.so.530.41.03)
==4878== 
{
   <insert_a_suppression_name_here>
   Memcheck:Leak
   match-leak-kinds: definite
   fun:malloc
   obj:*
   obj:*
   obj:/usr/lib/libnvidia-glcore.so.530.41.03
   obj:/usr/lib/libnvidia-glcore.so.530.41.03
   obj:/usr/lib/libnvidia-glcore.so.530.41.03
   obj:/usr/lib/libnvidia-glcore.so.530.41.03
   obj:/usr/lib/libnvidia-glcore.so.530.41.03
   obj:/usr/lib/libnvidia-glcore.so.530.41.03
   obj:/usr/lib/libnvidia-glcore.so.530.41.03
   obj:/usr/lib/libnvidia-glcore.so.530.41.03
   obj:/usr/lib/libGLX_nvidia.so.530.41.03
}
==4878== 38 bytes in 1 blocks are definitely lost in loss record 261 of 631
==4878==    at 0x4841888: malloc (vg_replace_malloc.c:393)
==4878==    by 0x5EA2764: ???
==4878==    by 0x5E8899A: ???
==4878==    by 0x7823DEE: ??? (in /usr/lib/libnvidia-glcore.so.530.41.03)
==4878==    by 0x78240D0: ??? (in /usr/lib/libnvidia-glcore.so.530.41.03)
==4878==    by 0x782C2F1: ??? (in /usr/lib/libnvidia-glcore.so.530.41.03)
==4878==    by 0x7826177: ??? (in /usr/lib/libnvidia-glcore.so.530.41.03)
==4878==    by 0x78263A8: ??? (in /usr/lib/libnvidia-glcore.so.530.41.03)
==4878==    by 0x77A0EDE: ??? (in /usr/lib/libnvidia-glcore.so.530.41.03)
==4878==    by 0x77A121B: ??? (in /usr/lib/libnvidia-glcore.so.530.41.03)
==4878==    by 0x77A133B: ??? (in /usr/lib/libnvidia-glcore.so.530.41.03)
==4878==    by 0x5D4E0B5: ??? (in /usr/lib/libGLX_nvidia.so.530.41.03)
==4878== 
{
   <insert_a_suppression_name_here>
   Memcheck:Leak
   match-leak-kinds: definite
   fun:malloc
   obj:*
   obj:*
   obj:/usr/lib/libnvidia-glcore.so.530.41.03
   obj:/usr/lib/libnvidia-glcore.so.530.41.03
   obj:/usr/lib/libnvidia-glcore.so.530.41.03
   obj:/usr/lib/libnvidia-glcore.so.530.41.03
   obj:/usr/lib/libnvidia-glcore.so.530.41.03
   obj:/usr/lib/libnvidia-glcore.so.530.41.03
   obj:/usr/lib/libnvidia-glcore.so.530.41.03
   obj:/usr/lib/libnvidia-glcore.so.530.41.03
   obj:/usr/lib/libGLX_nvidia.so.530.41.03
}
==4878== 40 bytes in 1 blocks are definitely lost in loss record 274 of 631
==4878==    at 0x4846A73: calloc (vg_replace_malloc.c:1340)
==4878==    by 0x5EA2BB8: ???
==4878==    by 0x5EA974F: ???
==4878==    by 0x5EA97DF: ???
==4878==    by 0x5EA984D: ???
==4878==    by 0x5E7FCFE: drmModeGetPlane (xf86drmMode.c:1192)
==4878==    by 0x5E872FC: ??? (in /usr/lib/libdrm.so.2.4.0)
==4878==    by 0x5E88873: ???
==4878==    by 0x7823DEE: ??? (in /usr/lib/libnvidia-glcore.so.530.41.03)
==4878==    by 0x78240D0: ??? (in /usr/lib/libnvidia-glcore.so.530.41.03)
==4878==    by 0x782C2F1: ??? (in /usr/lib/libnvidia-glcore.so.530.41.03)
==4878==    by 0x7826177: ??? (in /usr/lib/libnvidia-glcore.so.530.41.03)
==4878== 
{
   <insert_a_suppression_name_here>
   Memcheck:Leak
   match-leak-kinds: definite
   fun:calloc
   obj:*
   obj:*
   obj:*
   obj:*
   fun:drmModeGetPlane
   obj:/usr/lib/libdrm.so.2.4.0
   obj:*
   obj:/usr/lib/libnvidia-glcore.so.530.41.03
   obj:/usr/lib/libnvidia-glcore.so.530.41.03
   obj:/usr/lib/libnvidia-glcore.so.530.41.03
   obj:/usr/lib/libnvidia-glcore.so.530.41.03
}
==4878== 96 (24 direct, 72 indirect) bytes in 1 blocks are definitely lost in loss record 473 of 631
==4878==    at 0x4841888: malloc (vg_replace_malloc.c:393)
==4878==    by 0x5EAA07F: ???
==4878==    by 0x5E95996: ???
==4878==    by 0x5E9AC10: ???
==4878==    by 0x5E88259: ???
==4878==    by 0x5E884ED: ???
==4878==    by 0x5E887C2: ???
==4878==    by 0x7823DEE: ??? (in /usr/lib/libnvidia-glcore.so.530.41.03)
==4878==    by 0x78240D0: ??? (in /usr/lib/libnvidia-glcore.so.530.41.03)
==4878==    by 0x782C2F1: ??? (in /usr/lib/libnvidia-glcore.so.530.41.03)
==4878==    by 0x7826177: ??? (in /usr/lib/libnvidia-glcore.so.530.41.03)
==4878==    by 0x78263A8: ??? (in /usr/lib/libnvidia-glcore.so.530.41.03)
==4878== 
{
   <insert_a_suppression_name_here>
   Memcheck:Leak
   match-leak-kinds: definite
   fun:malloc
   obj:*
   obj:*
   obj:*
   obj:*
   obj:*
   obj:*
   obj:/usr/lib/libnvidia-glcore.so.530.41.03
   obj:/usr/lib/libnvidia-glcore.so.530.41.03
   obj:/usr/lib/libnvidia-glcore.so.530.41.03
   obj:/usr/lib/libnvidia-glcore.so.530.41.03
   obj:/usr/lib/libnvidia-glcore.so.530.41.03
}
==4878== 128 bytes in 1 blocks are definitely lost in loss record 478 of 631
==4878==    at 0x4846A73: calloc (vg_replace_malloc.c:1340)
==4878==    by 0x77B73F0: ??? (in /usr/lib/libnvidia-glcore.so.530.41.03)
==4878==    by 0x77ABFE9: ??? (in /usr/lib/libnvidia-glcore.so.530.41.03)
==4878==    by 0x77AB8CE: ??? (in /usr/lib/libnvidia-glcore.so.530.41.03)
==4878==    by 0x77BC278: ??? (in /usr/lib/libnvidia-glcore.so.530.41.03)
==4878==    by 0x5D4A9ED: ??? (in /usr/lib/libGLX_nvidia.so.530.41.03)
==4878==    by 0x5DA2E51: ??? (in /usr/lib/libGLX_nvidia.so.530.41.03)
==4878==    by 0x5D4A012: ??? (in /usr/lib/libGLX_nvidia.so.530.41.03)
==4878==    by 0x59703BF: ???
==4878==    by 0x40050B8: call_init (dl-init.c:56)
==4878==    by 0x40050B8: call_init (dl-init.c:26)
==4878==    by 0x40051EB: _dl_init (dl-init.c:117)
==4878==    by 0x400156D: _dl_catch_exception (dl-catch.c:211)
==4878== 
{
   <insert_a_suppression_name_here>
   Memcheck:Leak
   match-leak-kinds: definite
   fun:calloc
   obj:/usr/lib/libnvidia-glcore.so.530.41.03
   obj:/usr/lib/libnvidia-glcore.so.530.41.03
   obj:/usr/lib/libnvidia-glcore.so.530.41.03
   obj:/usr/lib/libnvidia-glcore.so.530.41.03
   obj:/usr/lib/libGLX_nvidia.so.530.41.03
   obj:/usr/lib/libGLX_nvidia.so.530.41.03
   obj:/usr/lib/libGLX_nvidia.so.530.41.03
   obj:*
   fun:call_init
   fun:call_init
   fun:_dl_init
   fun:_dl_catch_exception
}
==4878== 152 (112 direct, 40 indirect) bytes in 1 blocks are definitely lost in loss record 483 of 631
==4878==    at 0x4846A73: calloc (vg_replace_malloc.c:1340)
==4878==    by 0x5EA1950: ???
==4878==    by 0x5E87518: ??? (in /usr/lib/libdrm.so.2.4.0)
==4878==    by 0x5E88873: ???
==4878==    by 0x7823DEE: ??? (in /usr/lib/libnvidia-glcore.so.530.41.03)
==4878==    by 0x78240D0: ??? (in /usr/lib/libnvidia-glcore.so.530.41.03)
==4878==    by 0x782C2F1: ??? (in /usr/lib/libnvidia-glcore.so.530.41.03)
==4878==    by 0x7826177: ??? (in /usr/lib/libnvidia-glcore.so.530.41.03)
==4878==    by 0x78263A8: ??? (in /usr/lib/libnvidia-glcore.so.530.41.03)
==4878==    by 0x77A0EDE: ??? (in /usr/lib/libnvidia-glcore.so.530.41.03)
==4878==    by 0x77A121B: ??? (in /usr/lib/libnvidia-glcore.so.530.41.03)
==4878==    by 0x77A133B: ??? (in /usr/lib/libnvidia-glcore.so.530.41.03)
==4878== 
{
   <insert_a_suppression_name_here>
   Memcheck:Leak
   match-leak-kinds: definite
   fun:calloc
   obj:*
   obj:/usr/lib/libdrm.so.2.4.0
   obj:*
   obj:/usr/lib/libnvidia-glcore.so.530.41.03
   obj:/usr/lib/libnvidia-glcore.so.530.41.03
   obj:/usr/lib/libnvidia-glcore.so.530.41.03
   obj:/usr/lib/libnvidia-glcore.so.530.41.03
   obj:/usr/lib/libnvidia-glcore.so.530.41.03
   obj:/usr/lib/libnvidia-glcore.so.530.41.03
   obj:/usr/lib/libnvidia-glcore.so.530.41.03
   obj:/usr/lib/libnvidia-glcore.so.530.41.03
}
==4878== 520 bytes in 13 blocks are definitely lost in loss record 536 of 631
==4878==    at 0x4841888: malloc (vg_replace_malloc.c:393)
==4878==    by 0x5EA5F98: ???
==4878==    by 0x5E9A7EC: ???
==4878==    by 0x5E886B6: ???
==4878==    by 0x7823DEE: ??? (in /usr/lib/libnvidia-glcore.so.530.41.03)
==4878==    by 0x78240D0: ??? (in /usr/lib/libnvidia-glcore.so.530.41.03)
==4878==    by 0x782C2F1: ??? (in /usr/lib/libnvidia-glcore.so.530.41.03)
==4878==    by 0x7826177: ??? (in /usr/lib/libnvidia-glcore.so.530.41.03)
==4878==    by 0x78263A8: ??? (in /usr/lib/libnvidia-glcore.so.530.41.03)
==4878==    by 0x77A0EDE: ??? (in /usr/lib/libnvidia-glcore.so.530.41.03)
==4878==    by 0x77A121B: ??? (in /usr/lib/libnvidia-glcore.so.530.41.03)
==4878==    by 0x77A133B: ??? (in /usr/lib/libnvidia-glcore.so.530.41.03)
==4878== 
{
   <insert_a_suppression_name_here>
   Memcheck:Leak
   match-leak-kinds: definite
   fun:malloc
   obj:*
   obj:*
   obj:*
   obj:/usr/lib/libnvidia-glcore.so.530.41.03
   obj:/usr/lib/libnvidia-glcore.so.530.41.03
   obj:/usr/lib/libnvidia-glcore.so.530.41.03
   obj:/usr/lib/libnvidia-glcore.so.530.41.03
   obj:/usr/lib/libnvidia-glcore.so.530.41.03
   obj:/usr/lib/libnvidia-glcore.so.530.41.03
   obj:/usr/lib/libnvidia-glcore.so.530.41.03
   obj:/usr/lib/libnvidia-glcore.so.530.41.03
}
==4878== 567 (184 direct, 383 indirect) bytes in 1 blocks are definitely lost in loss record 537 of 631
==4878==    at 0x4846A73: calloc (vg_replace_malloc.c:1340)
==4878==    by 0x5E94D2A: ???
==4878==    by 0x5E95B4B: ???
==4878==    by 0x5E884CD: ???
==4878==    by 0x5E887C2: ???
==4878==    by 0x7823DEE: ??? (in /usr/lib/libnvidia-glcore.so.530.41.03)
==4878==    by 0x78240D0: ??? (in /usr/lib/libnvidia-glcore.so.530.41.03)
==4878==    by 0x782C2F1: ??? (in /usr/lib/libnvidia-glcore.so.530.41.03)
==4878==    by 0x7826177: ??? (in /usr/lib/libnvidia-glcore.so.530.41.03)
==4878==    by 0x78263A8: ??? (in /usr/lib/libnvidia-glcore.so.530.41.03)
==4878==    by 0x77A0EDE: ??? (in /usr/lib/libnvidia-glcore.so.530.41.03)
==4878==    by 0x77A121B: ??? (in /usr/lib/libnvidia-glcore.so.530.41.03)
==4878== 
{
   <insert_a_suppression_name_here>
   Memcheck:Leak
   match-leak-kinds: definite
   fun:calloc
   obj:*
   obj:*
   obj:*
   obj:*
   obj:/usr/lib/libnvidia-glcore.so.530.41.03
   obj:/usr/lib/libnvidia-glcore.so.530.41.03
   obj:/usr/lib/libnvidia-glcore.so.530.41.03
   obj:/usr/lib/libnvidia-glcore.so.530.41.03
   obj:/usr/lib/libnvidia-glcore.so.530.41.03
   obj:/usr/lib/libnvidia-glcore.so.530.41.03
   obj:/usr/lib/libnvidia-glcore.so.530.41.03
}
==4878== 598 (128 direct, 470 indirect) bytes in 1 blocks are definitely lost in loss record 538 of 631
==4878==    at 0x4846A73: calloc (vg_replace_malloc.c:1340)
==4878==    by 0x77B73F0: ??? (in /usr/lib/libnvidia-glcore.so.530.41.03)
==4878==    by 0x77ABFE9: ??? (in /usr/lib/libnvidia-glcore.so.530.41.03)
==4878==    by 0x77A9C2A: ??? (in /usr/lib/libnvidia-glcore.so.530.41.03)
==4878==    by 0x77AB462: ??? (in /usr/lib/libnvidia-glcore.so.530.41.03)
==4878==    by 0x77BC242: ??? (in /usr/lib/libnvidia-glcore.so.530.41.03)
==4878==    by 0x5D4A9ED: ??? (in /usr/lib/libGLX_nvidia.so.530.41.03)
==4878==    by 0x5DA2E51: ??? (in /usr/lib/libGLX_nvidia.so.530.41.03)
==4878==    by 0x5D4A012: ??? (in /usr/lib/libGLX_nvidia.so.530.41.03)
==4878==    by 0x59703BF: ???
==4878==    by 0x40050B8: call_init (dl-init.c:56)
==4878==    by 0x40050B8: call_init (dl-init.c:26)
==4878==    by 0x40051EB: _dl_init (dl-init.c:117)
==4878== 
{
   <insert_a_suppression_name_here>
   Memcheck:Leak
   match-leak-kinds: definite
   fun:calloc
   obj:/usr/lib/libnvidia-glcore.so.530.41.03
   obj:/usr/lib/libnvidia-glcore.so.530.41.03
   obj:/usr/lib/libnvidia-glcore.so.530.41.03
   obj:/usr/lib/libnvidia-glcore.so.530.41.03
   obj:/usr/lib/libnvidia-glcore.so.530.41.03
   obj:/usr/lib/libGLX_nvidia.so.530.41.03
   obj:/usr/lib/libGLX_nvidia.so.530.41.03
   obj:/usr/lib/libGLX_nvidia.so.530.41.03
   obj:*
   fun:call_init
   fun:call_init
   fun:_dl_init
}
==4878== 10,151 (184 direct, 9,967 indirect) bytes in 1 blocks are definitely lost in loss record 622 of 631
==4878==    at 0x4846A73: calloc (vg_replace_malloc.c:1340)
==4878==    by 0x5E94D2A: ???
==4878==    by 0x5E96CCA: ???
==4878==    by 0x5E9F043: ???
==4878==    by 0x5E9F22C: ???
==4878==    by 0x5EA02EE: ???
==4878==    by 0x5EA0912: ???
==4878==    by 0x5E8646D: ??? (in /usr/lib/libdrm.so.2.4.0)
==4878==    by 0x5E9AED0: ???
==4878==    by 0x5E88242: ???
==4878==    by 0x5E884ED: ???
==4878==    by 0x5E887C2: ???
==4878== 
{
   <insert_a_suppression_name_here>
   Memcheck:Leak
   match-leak-kinds: definite
   fun:calloc
   obj:*
   obj:*
   obj:*
   obj:*
   obj:*
   obj:*
   obj:/usr/lib/libdrm.so.2.4.0
   obj:*
   obj:*
   obj:*
   obj:*
}
==4878== 33,258 (6,024 direct, 27,234 indirect) bytes in 1 blocks are definitely lost in loss record 629 of 631
==4878==    at 0x4846A73: calloc (vg_replace_malloc.c:1340)
==4878==    by 0x77B73F0: ??? (in /usr/lib/libnvidia-glcore.so.530.41.03)
==4878==    by 0x77ADF75: ??? (in /usr/lib/libnvidia-glcore.so.530.41.03)
==4878==    by 0x77A9BF1: ??? (in /usr/lib/libnvidia-glcore.so.530.41.03)
==4878==    by 0x77AB462: ??? (in /usr/lib/libnvidia-glcore.so.530.41.03)
==4878==    by 0x77BC242: ??? (in /usr/lib/libnvidia-glcore.so.530.41.03)
==4878==    by 0x5D4A9ED: ??? (in /usr/lib/libGLX_nvidia.so.530.41.03)
==4878==    by 0x5DA2E51: ??? (in /usr/lib/libGLX_nvidia.so.530.41.03)
==4878==    by 0x5D4A012: ??? (in /usr/lib/libGLX_nvidia.so.530.41.03)
==4878==    by 0x59703BF: ???
==4878==    by 0x40050B8: call_init (dl-init.c:56)
==4878==    by 0x40050B8: call_init (dl-init.c:26)
==4878==    by 0x40051EB: _dl_init (dl-init.c:117)
==4878== 
{
   <insert_a_suppression_name_here>
   Memcheck:Leak
   match-leak-kinds: definite
   fun:calloc
   obj:/usr/lib/libnvidia-glcore.so.530.41.03
   obj:/usr/lib/libnvidia-glcore.so.530.41.03
   obj:/usr/lib/libnvidia-glcore.so.530.41.03
   obj:/usr/lib/libnvidia-glcore.so.530.41.03
   obj:/usr/lib/libnvidia-glcore.so.530.41.03
   obj:/usr/lib/libGLX_nvidia.so.530.41.03
   obj:/usr/lib/libGLX_nvidia.so.530.41.03
   obj:/usr/lib/libGLX_nvidia.so.530.41.03
   obj:*
   fun:call_init
   fun:call_init
   fun:_dl_init
}
==4878== 142,630 (1,024 direct, 141,606 indirect) bytes in 1 blocks are definitely lost in loss record 631 of 631
==4878==    at 0x4846CC3: realloc (vg_replace_malloc.c:1451)
==4878==    by 0x77B7B86: ??? (in /usr/lib/libnvidia-glcore.so.530.41.03)
==4878==    by 0x77AC082: ??? (in /usr/lib/libnvidia-glcore.so.530.41.03)
==4878==    by 0x77AA3CE: ??? (in /usr/lib/libnvidia-glcore.so.530.41.03)
==4878==    by 0x77BD0A9: ??? (in /usr/lib/libnvidia-glcore.so.530.41.03)
==4878==    by 0x5D4A9ED: ??? (in /usr/lib/libGLX_nvidia.so.530.41.03)
==4878==    by 0x5DA2E51: ??? (in /usr/lib/libGLX_nvidia.so.530.41.03)
==4878==    by 0x5D4A012: ??? (in /usr/lib/libGLX_nvidia.so.530.41.03)
==4878==    by 0x59703BF: ???
==4878==    by 0x40050B8: call_init (dl-init.c:56)
==4878==    by 0x40050B8: call_init (dl-init.c:26)
==4878==    by 0x40051EB: _dl_init (dl-init.c:117)
==4878==    by 0x400156D: _dl_catch_exception (dl-catch.c:211)
==4878== 
{
   <insert_a_suppression_name_here>
   Memcheck:Leak
   match-leak-kinds: definite
   fun:realloc
   obj:/usr/lib/libnvidia-glcore.so.530.41.03
   obj:/usr/lib/libnvidia-glcore.so.530.41.03
   obj:/usr/lib/libnvidia-glcore.so.530.41.03
   obj:/usr/lib/libnvidia-glcore.so.530.41.03
   obj:/usr/lib/libGLX_nvidia.so.530.41.03
   obj:/usr/lib/libGLX_nvidia.so.530.41.03
   obj:/usr/lib/libGLX_nvidia.so.530.41.03
   obj:*
   fun:call_init
   fun:call_init
   fun:_dl_init
   fun:_dl_catch_exception
}
==4878== LEAK SUMMARY:
==4878==    definitely lost: 8,472 bytes in 26 blocks
==4878==    indirectly lost: 179,772 bytes in 1,000 blocks
==4878==      possibly lost: 0 bytes in 0 blocks
==4878==    still reachable: 112,209 bytes in 565 blocks
==4878==         suppressed: 0 bytes in 0 blocks
==4878== Reachable blocks (those to which a pointer was found) are not shown.
==4878== To see them, rerun with: --leak-check=full --show-leak-kinds=all
==4878== 
==4878== For lists of detected and suppressed errors, rerun with: -s
==4878== ERROR SUMMARY: 15 errors from 15 contexts (suppressed: 0 from 0)
